c:\users\axel\desktop\programas en visual\ii proyecto programado\proyecto_matricula\proyecto_matricula\debug\vc141.pdb
c:\users\axel\desktop\programas en visual\ii proyecto programado\proyecto_matricula\proyecto_matricula\debug\vc141.idb
c:\users\axel\desktop\programas en visual\ii proyecto programado\proyecto_matricula\proyecto_matricula\debug\contenedorlestudiante.obj
c:\users\axel\desktop\programas en visual\ii proyecto programado\proyecto_matricula\proyecto_matricula\debug\contenedorlgrupo.obj
c:\users\axel\desktop\programas en visual\ii proyecto programado\proyecto_matricula\proyecto_matricula\debug\contenedorlmatricula.obj
c:\users\axel\desktop\programas en visual\ii proyecto programado\proyecto_matricula\proyecto_matricula\debug\contenedorlprofe.obj
c:\users\axel\desktop\programas en visual\ii proyecto programado\proyecto_matricula\proyecto_matricula\debug\controladora.obj
c:\users\axel\desktop\programas en visual\ii proyecto programado\proyecto_matricula\proyecto_matricula\debug\curso.obj
c:\users\axel\desktop\programas en visual\ii proyecto programado\proyecto_matricula\proyecto_matricula\debug\estudiante.obj
c:\users\axel\desktop\programas en visual\ii proyecto programado\proyecto_matricula\proyecto_matricula\debug\fecha.obj
c:\users\axel\desktop\programas en visual\ii proyecto programado\proyecto_matricula\proyecto_matricula\debug\grupo.obj
c:\users\axel\desktop\programas en visual\ii proyecto programado\proyecto_matricula\proyecto_matricula\debug\horario.obj
c:\users\axel\desktop\programas en visual\ii proyecto programado\proyecto_matricula\proyecto_matricula\debug\interfaz.obj
c:\users\axel\desktop\programas en visual\ii proyecto programado\proyecto_matricula\proyecto_matricula\debug\main.obj
c:\users\axel\desktop\programas en visual\ii proyecto programado\proyecto_matricula\proyecto_matricula\debug\matricula.obj
c:\users\axel\desktop\programas en visual\ii proyecto programado\proyecto_matricula\proyecto_matricula\debug\nodoestudiante.obj
c:\users\axel\desktop\programas en visual\ii proyecto programado\proyecto_matricula\proyecto_matricula\debug\nodogrupo.obj
c:\users\axel\desktop\programas en visual\ii proyecto programado\proyecto_matricula\proyecto_matricula\debug\nodomatricula.obj
c:\users\axel\desktop\programas en visual\ii proyecto programado\proyecto_matricula\proyecto_matricula\debug\nodoprofe.obj
c:\users\axel\desktop\programas en visual\ii proyecto programado\proyecto_matricula\proyecto_matricula\debug\persona.obj
c:\users\axel\desktop\programas en visual\ii proyecto programado\proyecto_matricula\proyecto_matricula\debug\profesor.obj
c:\users\axel\desktop\programas en visual\ii proyecto programado\proyecto_matricula\proyecto_matricula\debug\tiempo.obj
c:\users\axel\desktop\programas en visual\ii proyecto programado\proyecto_matricula\proyecto_matricula\debug\contenedorlcurso.obj
c:\users\axel\desktop\programas en visual\ii proyecto programado\proyecto_matricula\proyecto_matricula\debug\instituto.obj
c:\users\axel\desktop\programas en visual\ii proyecto programado\proyecto_matricula\proyecto_matricula\debug\nodocurso.obj
c:\users\axel\desktop\programas en visual\ii proyecto programado\proyecto_matricula\debug\proyecto_matricula.exe
c:\users\axel\desktop\programas en visual\ii proyecto programado\proyecto_matricula\debug\proyecto_matricula.ilk
c:\users\axel\desktop\programas en visual\ii proyecto programado\proyecto_matricula\debug\proyecto_matricula.pdb
c:\users\axel\desktop\programas en visual\ii proyecto programado\proyecto_matricula\proyecto_matricula\debug\proyecto.92cf2bea.tlog\cl.command.1.tlog
c:\users\axel\desktop\programas en visual\ii proyecto programado\proyecto_matricula\proyecto_matricula\debug\proyecto.92cf2bea.tlog\cl.read.1.tlog
c:\users\axel\desktop\programas en visual\ii proyecto programado\proyecto_matricula\proyecto_matricula\debug\proyecto.92cf2bea.tlog\cl.write.1.tlog
c:\users\axel\desktop\programas en visual\ii proyecto programado\proyecto_matricula\proyecto_matricula\debug\proyecto.92cf2bea.tlog\link.command.1.tlog
c:\users\axel\desktop\programas en visual\ii proyecto programado\proyecto_matricula\proyecto_matricula\debug\proyecto.92cf2bea.tlog\link.read.1.tlog
c:\users\axel\desktop\programas en visual\ii proyecto programado\proyecto_matricula\proyecto_matricula\debug\proyecto.92cf2bea.tlog\link.write.1.tlog
